[4/14/2023, 2:47:48 AM] ::1 - - "GET /v1/api/auth/signin HTTP/1.1" 404 157 "-" "PostmanRuntime/7.31.3"
[4/14/2023, 2:50:04 AM] ::1 - - "GET /v1/api/auth/signin HTTP/1.1" 404 11 "-" "PostmanRuntime/7.31.3"
[4/14/2023, 2:51:27 AM] ::1 - - "GET /v1/api/auth/signin HTTP/1.1" 404 11 "-" "PostmanRuntime/7.31.3"
[4/14/2023, 2:51:50 AM] ::1 - - "GET /v1/api/auth/signin HTTP/1.1" 404 11 "-" "PostmanRuntime/7.31.3"
[4/14/2023, 2:51:57 AM] ::1 - - "GET /api/auth/signin HTTP/1.1" 200 25 "-" "PostmanRuntime/7.31.3"
[4/14/2023, 2:55:45 AM] ::1 - - "GET /api/auth/signin HTTP/1.1" 200 25 "-" "PostmanRuntime/7.31.3"
[4/14/2023, 2:56:02 AM] ::1 - - "GET /api/auth/signin HTTP/1.1" 200 25 "-" "PostmanRuntime/7.31.3"
[4/14/2023, 2:56:19 AM] ::1 - - "GET /api/auth/signin HTTP/1.1" 200 25 "-" "PostmanRuntime/7.31.3"
[4/14/2023, 2:56:37 AM] ::1 - - "GET /api/auth/signin HTTP/1.1" 200 25 "-" "PostmanRuntime/7.31.3"
[4/14/2023, 2:58:43 AM] ::1 - - "GET /api/auth/hey HTTP/1.1" 404 11 "-" "Mozilla/5.0 (Windows NT 10.0; Win64; x64) AppleWebKit/537.36 (KHTML, like Gecko) Chrome/110.0.0.0 Safari/537.36 OPR/96.0.0.0"
[4/14/2023, 2:58:43 AM] ::1 - - "GET /favicon.ico HTTP/1.1" 404 11 "http://localhost:3000/api/auth/hey" "Mozilla/5.0 (Windows NT 10.0; Win64; x64) AppleWebKit/537.36 (KHTML, like Gecko) Chrome/110.0.0.0 Safari/537.36 OPR/96.0.0.0"
[4/14/2023, 2:58:49 AM] ::1 - - "GET /api/auth/hey HTTP/1.1" 404 11 "-" "Mozilla/5.0 (Windows NT 10.0; Win64; x64) AppleWebKit/537.36 (KHTML, like Gecko) Chrome/110.0.0.0 Safari/537.36 OPR/96.0.0.0"
[4/14/2023, 2:59:42 AM] ::1 - - "GET /api/auth/hello HTTP/1.1" 200 3 "-" "Mozilla/5.0 (Windows NT 10.0; Win64; x64) AppleWebKit/537.36 (KHTML, like Gecko) Chrome/110.0.0.0 Safari/537.36 OPR/96.0.0.0"
[4/14/2023, 3:03:24 AM] ::1 - - "GET /api/auth/signin HTTP/1.1" 200 25 "-" "PostmanRuntime/7.31.3"
[4/14/2023, 3:04:11 AM] ::1 - - "GET /api/auth/signin HTTP/1.1" 200 25 "-" "PostmanRuntime/7.31.3"
[4/14/2023, 3:05:02 AM] ::1 - - "GET /api/auth/signin HTTP/1.1" 200 25 "-" "PostmanRuntime/7.31.3"
[4/14/2023, 7:55:36 PM] ::1 - - "GET /api/auth/signin HTTP/1.1" 200 25 "-" "PostmanRuntime/7.31.3"
[4/14/2023, 7:55:39 PM] ::1 - - "GET /api/auth/signin HTTP/1.1" 200 25 "-" "PostmanRuntime/7.31.3"
[4/14/2023, 7:55:40 PM] ::1 - - "GET /api/auth/signin HTTP/1.1" 200 25 "-" "PostmanRuntime/7.31.3"
[4/14/2023, 7:55:40 PM] ::1 - - "GET /api/auth/signin HTTP/1.1" 200 25 "-" "PostmanRuntime/7.31.3"
[4/14/2023, 7:55:41 PM] ::1 - - "GET /api/auth/signin HTTP/1.1" 200 25 "-" "PostmanRuntime/7.31.3"
[4/14/2023, 7:55:41 PM] ::1 - - "GET /api/auth/signin HTTP/1.1" 200 25 "-" "PostmanRuntime/7.31.3"
[4/14/2023, 7:55:42 PM] ::1 - - "GET /api/auth/signin HTTP/1.1" 200 25 "-" "PostmanRuntime/7.31.3"
[4/14/2023, 7:55:42 PM] ::1 - - "GET /api/auth/signin HTTP/1.1" 200 25 "-" "PostmanRuntime/7.31.3"
[4/14/2023, 7:55:43 PM] ::1 - - "GET /api/auth/signin HTTP/1.1" 200 25 "-" "PostmanRuntime/7.31.3"
[4/14/2023, 7:55:43 PM] ::1 - - "GET /api/auth/signin HTTP/1.1" 200 25 "-" "PostmanRuntime/7.31.3"
[4/14/2023, 7:55:44 PM] ::1 - - "GET /api/auth/signin HTTP/1.1" 200 25 "-" "PostmanRuntime/7.31.3"
[4/14/2023, 7:55:44 PM] ::1 - - "GET /api/auth/signin HTTP/1.1" 200 25 "-" "PostmanRuntime/7.31.3"
[4/14/2023, 7:55:44 PM] ::1 - - "GET /api/auth/signin HTTP/1.1" 200 25 "-" "PostmanRuntime/7.31.3"
[4/14/2023, 7:55:45 PM] ::1 - - "GET /api/auth/signin HTTP/1.1" 200 25 "-" "PostmanRuntime/7.31.3"
[4/14/2023, 7:55:45 PM] ::1 - - "GET /api/auth/signin HTTP/1.1" 200 25 "-" "PostmanRuntime/7.31.3"
[4/14/2023, 7:55:46 PM] ::1 - - "GET /api/auth/signin HTTP/1.1" 200 25 "-" "PostmanRuntime/7.31.3"
[4/14/2023, 7:55:46 PM] ::1 - - "GET /api/auth/signin HTTP/1.1" 200 25 "-" "PostmanRuntime/7.31.3"
[4/14/2023, 7:55:47 PM] ::1 - - "GET /api/auth/signin HTTP/1.1" 200 25 "-" "PostmanRuntime/7.31.3"
[4/14/2023, 7:55:47 PM] ::1 - - "GET /api/auth/signin HTTP/1.1" 200 25 "-" "PostmanRuntime/7.31.3"
[4/14/2023, 7:55:48 PM] ::1 - - "GET /api/auth/signin HTTP/1.1" 200 25 "-" "PostmanRuntime/7.31.3"
[4/14/2023, 7:55:49 PM] ::1 - - "GET /api/auth/signin HTTP/1.1" 200 25 "-" "PostmanRuntime/7.31.3"
[4/14/2023, 7:55:49 PM] ::1 - - "GET /api/auth/signin HTTP/1.1" 200 25 "-" "PostmanRuntime/7.31.3"
[4/14/2023, 7:55:49 PM] ::1 - - "GET /api/auth/signin HTTP/1.1" 200 25 "-" "PostmanRuntime/7.31.3"
[4/14/2023, 7:55:50 PM] ::1 - - "GET /api/auth/signin HTTP/1.1" 200 25 "-" "PostmanRuntime/7.31.3"
[4/14/2023, 7:55:50 PM] ::1 - - "GET /api/auth/signin HTTP/1.1" 200 25 "-" "PostmanRuntime/7.31.3"
[4/14/2023, 7:55:51 PM] ::1 - - "GET /api/auth/signin HTTP/1.1" 200 25 "-" "PostmanRuntime/7.31.3"
[4/14/2023, 7:55:51 PM] ::1 - - "GET /api/auth/signin HTTP/1.1" 200 25 "-" "PostmanRuntime/7.31.3"
[4/14/2023, 7:55:51 PM] ::1 - - "GET /api/auth/signin HTTP/1.1" 200 25 "-" "PostmanRuntime/7.31.3"
[4/14/2023, 7:55:52 PM] ::1 - - "GET /api/auth/signin HTTP/1.1" 200 25 "-" "PostmanRuntime/7.31.3"
[4/14/2023, 7:55:52 PM] ::1 - - "GET /api/auth/signin HTTP/1.1" 200 25 "-" "PostmanRuntime/7.31.3"
[4/14/2023, 7:55:54 PM] ::1 - - "GET /api/auth/signin HTTP/1.1" 200 25 "-" "PostmanRuntime/7.31.3"
[4/14/2023, 7:55:54 PM] ::1 - - "GET /api/auth/signin HTTP/1.1" 200 25 "-" "PostmanRuntime/7.31.3"
[4/14/2023, 7:55:55 PM] ::1 - - "GET /api/auth/signin HTTP/1.1" 200 25 "-" "PostmanRuntime/7.31.3"
[4/14/2023, 7:55:55 PM] ::1 - - "GET /api/auth/signin HTTP/1.1" 200 25 "-" "PostmanRuntime/7.31.3"
[4/14/2023, 7:55:56 PM] ::1 - - "GET /api/auth/signin HTTP/1.1" 200 25 "-" "PostmanRuntime/7.31.3"
[4/14/2023, 7:55:56 PM] ::1 - - "GET /api/auth/signin HTTP/1.1" 200 25 "-" "PostmanRuntime/7.31.3"
[4/14/2023, 7:55:56 PM] ::1 - - "GET /api/auth/signin HTTP/1.1" 200 25 "-" "PostmanRuntime/7.31.3"
[4/14/2023, 7:55:57 PM] ::1 - - "GET /api/auth/signin HTTP/1.1" 200 25 "-" "PostmanRuntime/7.31.3"
[4/14/2023, 7:55:57 PM] ::1 - - "GET /api/auth/signin HTTP/1.1" 200 25 "-" "PostmanRuntime/7.31.3"
[4/14/2023, 7:55:58 PM] ::1 - - "GET /api/auth/signin HTTP/1.1" 200 25 "-" "PostmanRuntime/7.31.3"
[4/14/2023, 7:55:59 PM] ::1 - - "GET /api/auth/signin HTTP/1.1" 200 25 "-" "PostmanRuntime/7.31.3"
[4/14/2023, 7:56:00 PM] ::1 - - "GET /api/auth/signin HTTP/1.1" 200 25 "-" "PostmanRuntime/7.31.3"
[4/14/2023, 7:56:00 PM] ::1 - - "GET /api/auth/signin HTTP/1.1" 200 25 "-" "PostmanRuntime/7.31.3"
[4/14/2023, 7:56:00 PM] ::1 - - "GET /api/auth/signin HTTP/1.1" 200 25 "-" "PostmanRuntime/7.31.3"
[4/14/2023, 7:56:01 PM] ::1 - - "GET /api/auth/signin HTTP/1.1" 200 25 "-" "PostmanRuntime/7.31.3"
[4/14/2023, 7:56:01 PM] ::1 - - "GET /api/auth/signin HTTP/1.1" 200 25 "-" "PostmanRuntime/7.31.3"
[4/14/2023, 7:56:01 PM] ::1 - - "GET /api/auth/signin HTTP/1.1" 200 25 "-" "PostmanRuntime/7.31.3"
[4/14/2023, 7:56:02 PM] ::1 - - "GET /api/auth/signin HTTP/1.1" 200 25 "-" "PostmanRuntime/7.31.3"
[4/14/2023, 7:56:03 PM] ::1 - - "GET /api/auth/signin HTTP/1.1" 200 25 "-" "PostmanRuntime/7.31.3"
[4/14/2023, 7:56:03 PM] ::1 - - "GET /api/auth/signin HTTP/1.1" 200 25 "-" "PostmanRuntime/7.31.3"
[4/14/2023, 7:56:04 PM] ::1 - - "GET /api/auth/signin HTTP/1.1" 200 25 "-" "PostmanRuntime/7.31.3"
[4/14/2023, 7:56:04 PM] ::1 - - "GET /api/auth/signin HTTP/1.1" 200 25 "-" "PostmanRuntime/7.31.3"
[4/14/2023, 7:56:04 PM] ::1 - - "GET /api/auth/signin HTTP/1.1" 200 25 "-" "PostmanRuntime/7.31.3"
[4/14/2023, 7:56:05 PM] ::1 - - "GET /api/auth/signin HTTP/1.1" 200 25 "-" "PostmanRuntime/7.31.3"
[4/14/2023, 7:56:05 PM] ::1 - - "GET /api/auth/signin HTTP/1.1" 200 25 "-" "PostmanRuntime/7.31.3"
[4/14/2023, 7:56:06 PM] ::1 - - "GET /api/auth/signin HTTP/1.1" 200 25 "-" "PostmanRuntime/7.31.3"
[4/14/2023, 7:56:06 PM] ::1 - - "GET /api/auth/signin HTTP/1.1" 200 25 "-" "PostmanRuntime/7.31.3"
[4/14/2023, 7:56:11 PM] ::1 - - "GET /api/auth/signin HTTP/1.1" 200 25 "-" "PostmanRuntime/7.31.3"
[4/14/2023, 7:56:12 PM] ::1 - - "GET /api/auth/signin HTTP/1.1" 200 25 "-" "PostmanRuntime/7.31.3"
[4/14/2023, 7:56:12 PM] ::1 - - "GET /api/auth/signin HTTP/1.1" 200 25 "-" "PostmanRuntime/7.31.3"
[4/14/2023, 7:56:13 PM] ::1 - - "GET /api/auth/signin HTTP/1.1" 200 25 "-" "PostmanRuntime/7.31.3"
[4/14/2023, 7:56:13 PM] ::1 - - "GET /api/auth/signin HTTP/1.1" 200 25 "-" "PostmanRuntime/7.31.3"
[4/14/2023, 7:56:41 PM] ::1 - - "GET /api/auth/signin HTTP/1.1" 200 25 "-" "PostmanRuntime/7.31.3"
[4/14/2023, 7:56:42 PM] ::1 - - "GET /api/auth/signin HTTP/1.1" 200 25 "-" "PostmanRuntime/7.31.3"
[4/14/2023, 7:56:43 PM] ::1 - - "GET /api/auth/signin HTTP/1.1" 429 42 "-" "PostmanRuntime/7.31.3"
[4/14/2023, 7:56:50 PM] ::1 - - "GET /api/auth/signin HTTP/1.1" 429 42 "-" "PostmanRuntime/7.31.3"
[4/14/2023, 7:56:51 PM] ::1 - - "GET /api/auth/signin HTTP/1.1" 429 42 "-" "PostmanRuntime/7.31.3"
[4/14/2023, 7:56:59 PM] ::1 - - "GET /api/auth/signin HTTP/1.1" 200 25 "-" "PostmanRuntime/7.31.3"
[4/14/2023, 7:57:00 PM] ::1 - - "GET /api/auth/signin HTTP/1.1" 200 25 "-" "PostmanRuntime/7.31.3"
[4/14/2023, 7:57:02 PM] ::1 - - "GET /api/auth/signin HTTP/1.1" 200 25 "-" "PostmanRuntime/7.31.3"
[4/14/2023, 7:57:03 PM] ::1 - - "GET /api/auth/signin HTTP/1.1" 200 25 "-" "PostmanRuntime/7.31.3"
[4/14/2023, 7:57:04 PM] ::1 - - "GET /api/auth/signin HTTP/1.1" 200 25 "-" "PostmanRuntime/7.31.3"
[4/14/2023, 7:57:05 PM] ::1 - - "GET /api/auth/signin HTTP/1.1" 200 25 "-" "PostmanRuntime/7.31.3"
[4/14/2023, 7:57:05 PM] ::1 - - "GET /api/auth/signin HTTP/1.1" 200 25 "-" "PostmanRuntime/7.31.3"
[4/14/2023, 7:57:05 PM] ::1 - - "GET /api/auth/signin HTTP/1.1" 200 25 "-" "PostmanRuntime/7.31.3"
[4/14/2023, 7:57:11 PM] ::1 - - "GET /api/auth/signin HTTP/1.1" 200 25 "-" "PostmanRuntime/7.31.3"
[4/14/2023, 7:57:11 PM] ::1 - - "GET /api/auth/signin HTTP/1.1" 200 25 "-" "PostmanRuntime/7.31.3"
[4/14/2023, 7:57:12 PM] ::1 - - "GET /api/auth/signin HTTP/1.1" 200 25 "-" "PostmanRuntime/7.31.3"
[4/14/2023, 7:57:12 PM] ::1 - - "GET /api/auth/signin HTTP/1.1" 200 25 "-" "PostmanRuntime/7.31.3"
[4/14/2023, 7:57:13 PM] ::1 - - "GET /api/auth/signin HTTP/1.1" 200 25 "-" "PostmanRuntime/7.31.3"
[4/14/2023, 7:57:13 PM] ::1 - - "GET /api/auth/signin HTTP/1.1" 200 25 "-" "PostmanRuntime/7.31.3"
[4/14/2023, 7:57:13 PM] ::1 - - "GET /api/auth/signin HTTP/1.1" 200 25 "-" "PostmanRuntime/7.31.3"
[4/14/2023, 7:57:14 PM] ::1 - - "GET /api/auth/signin HTTP/1.1" 200 25 "-" "PostmanRuntime/7.31.3"
[4/14/2023, 7:57:14 PM] ::1 - - "GET /api/auth/signin HTTP/1.1" 200 25 "-" "PostmanRuntime/7.31.3"
[4/14/2023, 7:57:14 PM] ::1 - - "GET /api/auth/signin HTTP/1.1" 200 25 "-" "PostmanRuntime/7.31.3"
[4/14/2023, 7:57:15 PM] ::1 - - "GET /api/auth/signin HTTP/1.1" 200 25 "-" "PostmanRuntime/7.31.3"
[4/14/2023, 7:57:15 PM] ::1 - - "GET /api/auth/signin HTTP/1.1" 200 25 "-" "PostmanRuntime/7.31.3"
[4/14/2023, 7:57:15 PM] ::1 - - "GET /api/auth/signin HTTP/1.1" 429 42 "-" "PostmanRuntime/7.31.3"
[4/14/2023, 7:57:16 PM] ::1 - - "GET /api/auth/signin HTTP/1.1" 429 42 "-" "PostmanRuntime/7.31.3"
[4/14/2023, 7:57:16 PM] ::1 - - "GET /api/auth/signin HTTP/1.1" 429 42 "-" "PostmanRuntime/7.31.3"
[4/14/2023, 7:57:17 PM] ::1 - - "GET /api/auth/signin HTTP/1.1" 429 42 "-" "PostmanRuntime/7.31.3"
[4/14/2023, 7:57:17 PM] ::1 - - "GET /api/auth/signin HTTP/1.1" 429 42 "-" "PostmanRuntime/7.31.3"
[4/14/2023, 7:57:17 PM] ::1 - - "GET /api/auth/signin HTTP/1.1" 429 42 "-" "PostmanRuntime/7.31.3"
[4/14/2023, 7:57:18 PM] ::1 - - "GET /api/auth/signin HTTP/1.1" 429 42 "-" "PostmanRuntime/7.31.3"
[4/14/2023, 7:57:18 PM] ::1 - - "GET /api/auth/signin HTTP/1.1" 429 42 "-" "PostmanRuntime/7.31.3"
[4/14/2023, 7:57:18 PM] ::1 - - "GET /api/auth/signin HTTP/1.1" 429 42 "-" "PostmanRuntime/7.31.3"
[4/14/2023, 7:57:19 PM] ::1 - - "GET /api/auth/signin HTTP/1.1" 429 42 "-" "PostmanRuntime/7.31.3"
[4/14/2023, 7:57:19 PM] ::1 - - "GET /api/auth/signin HTTP/1.1" 429 42 "-" "PostmanRuntime/7.31.3"
[4/14/2023, 7:57:19 PM] ::1 - - "GET /api/auth/signin HTTP/1.1" 429 42 "-" "PostmanRuntime/7.31.3"
[4/14/2023, 7:57:19 PM] ::1 - - "GET /api/auth/signin HTTP/1.1" 429 42 "-" "PostmanRuntime/7.31.3"
[4/14/2023, 7:57:20 PM] ::1 - - "GET /api/auth/signin HTTP/1.1" 429 42 "-" "PostmanRuntime/7.31.3"
[4/14/2023, 7:59:29 PM] ::1 - - "GET /api/auth/signin HTTP/1.1" 429 42 "-" "PostmanRuntime/7.31.3"
[4/14/2023, 8:01:55 PM] ::1 - - "GET /api/auth/signin HTTP/1.1" 200 25 "-" "PostmanRuntime/7.31.3"
[4/15/2023, 12:38:07 AM] ::1 - - "GET /api/auth/signin HTTP/1.1" 200 25 "-" "PostmanRuntime/7.31.3"
[4/15/2023, 12:38:08 AM] ::1 - - "GET /api/auth/signin HTTP/1.1" 200 25 "-" "PostmanRuntime/7.31.3"
[4/15/2023, 12:38:09 AM] ::1 - - "GET /api/auth/signin HTTP/1.1" 200 25 "-" "PostmanRuntime/7.31.3"
[4/15/2023, 12:38:09 AM] ::1 - - "GET /api/auth/signin HTTP/1.1" 200 25 "-" "PostmanRuntime/7.31.3"
[4/15/2023, 12:38:10 AM] ::1 - - "GET /api/auth/signin HTTP/1.1" 200 25 "-" "PostmanRuntime/7.31.3"
[4/15/2023, 12:38:11 AM] ::1 - - "GET /api/auth/signin HTTP/1.1" 200 25 "-" "PostmanRuntime/7.31.3"
[4/15/2023, 12:38:11 AM] ::1 - - "GET /api/auth/signin HTTP/1.1" 200 25 "-" "PostmanRuntime/7.31.3"
[4/15/2023, 12:38:12 AM] ::1 - - "GET /api/auth/signin HTTP/1.1" 200 25 "-" "PostmanRuntime/7.31.3"
[4/16/2023, 12:15:58 PM] ::1 - - "GET /api/auth/signin HTTP/1.1" 200 25 "-" "PostmanRuntime/7.31.3"
[4/16/2023, 12:18:06 PM] ::1 - - "GET /api/auth/signin HTTP/1.1" 200 25 "-" "PostmanRuntime/7.31.3"
[4/16/2023, 12:18:07 PM] ::1 - - "GET /api/auth/signin HTTP/1.1" 200 25 "-" "PostmanRuntime/7.31.3"
[4/16/2023, 12:18:08 PM] ::1 - - "GET /api/auth/signin HTTP/1.1" 200 25 "-" "PostmanRuntime/7.31.3"
[4/16/2023, 12:18:09 PM] ::1 - - "GET /api/auth/signin HTTP/1.1" 200 25 "-" "PostmanRuntime/7.31.3"
[4/16/2023, 12:18:10 PM] ::1 - - "GET /api/auth/signin HTTP/1.1" 200 25 "-" "PostmanRuntime/7.31.3"
[4/16/2023, 12:18:19 PM] ::1 - - "GET /api/auth/signin HTTP/1.1" 200 25 "-" "PostmanRuntime/7.31.3"
[4/16/2023, 12:18:19 PM] ::1 - - "GET /api/auth/signin HTTP/1.1" 200 25 "-" "PostmanRuntime/7.31.3"
[4/16/2023, 12:18:20 PM] ::1 - - "GET /api/auth/signin HTTP/1.1" 200 25 "-" "PostmanRuntime/7.31.3"
[4/16/2023, 12:18:21 PM] ::1 - - "GET /api/auth/signin HTTP/1.1" 200 25 "-" "PostmanRuntime/7.31.3"
[4/16/2023, 12:18:31 PM] ::1 - - "GET /api/auth/signin HTTP/1.1" 200 25 "-" "PostmanRuntime/7.31.3"
[4/16/2023, 12:18:31 PM] ::1 - - "GET /api/auth/signin HTTP/1.1" 200 25 "-" "PostmanRuntime/7.31.3"
[4/16/2023, 12:18:32 PM] ::1 - - "GET /api/auth/signin HTTP/1.1" 200 25 "-" "PostmanRuntime/7.31.3"
[4/16/2023, 12:18:33 PM] ::1 - - "GET /api/auth/signin HTTP/1.1" 200 25 "-" "PostmanRuntime/7.31.3"
[4/16/2023, 12:18:34 PM] ::1 - - "GET /api/auth/signin HTTP/1.1" 200 25 "-" "PostmanRuntime/7.31.3"
[4/16/2023, 12:18:34 PM] ::1 - - "GET /api/auth/signin HTTP/1.1" 200 25 "-" "PostmanRuntime/7.31.3"
[4/16/2023, 12:18:47 PM] ::1 - - "GET /api/auth/signin HTTP/1.1" 200 25 "-" "PostmanRuntime/7.31.3"
[4/16/2023, 12:18:47 PM] ::1 - - "GET /api/auth/signin HTTP/1.1" 200 25 "-" "PostmanRuntime/7.31.3"
[4/16/2023, 12:18:50 PM] ::1 - - "GET /api/auth/signin HTTP/1.1" 200 25 "-" "PostmanRuntime/7.31.3"
[4/16/2023, 12:18:51 PM] ::1 - - "GET /api/auth/signin HTTP/1.1" 200 25 "-" "PostmanRuntime/7.31.3"
[4/16/2023, 12:19:12 PM] ::1 - - "GET /api/auth/signin HTTP/1.1" 200 25 "-" "PostmanRuntime/7.31.3"
[4/16/2023, 12:19:21 PM] ::1 - - "GET /api/auth/signin HTTP/1.1" 200 25 "-" "PostmanRuntime/7.31.3"
[4/16/2023, 12:19:22 PM] ::1 - - "GET /api/auth/signin HTTP/1.1" 200 25 "-" "PostmanRuntime/7.31.3"
[4/16/2023, 12:19:23 PM] ::1 - - "GET /api/auth/signin HTTP/1.1" 200 25 "-" "PostmanRuntime/7.31.3"
[4/16/2023, 12:19:24 PM] ::1 - - "GET /api/auth/signin HTTP/1.1" 200 25 "-" "PostmanRuntime/7.31.3"
[4/16/2023, 12:19:25 PM] ::1 - - "GET /api/auth/signin HTTP/1.1" 200 25 "-" "PostmanRuntime/7.31.3"
[4/16/2023, 12:19:25 PM] ::1 - - "GET /api/auth/signin HTTP/1.1" 200 25 "-" "PostmanRuntime/7.31.3"
[4/16/2023, 12:19:26 PM] ::1 - - "GET /api/auth/signin HTTP/1.1" 200 25 "-" "PostmanRuntime/7.31.3"
[4/16/2023, 12:19:53 PM] ::1 - - "GET /api/auth/signin HTTP/1.1" 200 25 "-" "PostmanRuntime/7.31.3"
[4/16/2023, 12:19:54 PM] ::1 - - "GET /api/auth/signin HTTP/1.1" 200 25 "-" "PostmanRuntime/7.31.3"
[4/16/2023, 12:19:55 PM] ::1 - - "GET /api/auth/signin HTTP/1.1" 429 54 "-" "PostmanRuntime/7.31.3"
[4/16/2023, 12:19:56 PM] ::1 - - "GET /api/auth/signin HTTP/1.1" 429 54 "-" "PostmanRuntime/7.31.3"
[4/16/2023, 12:20:00 PM] ::1 - - "GET /api/auth/signin HTTP/1.1" 429 54 "-" "PostmanRuntime/7.31.3"
[4/16/2023, 12:20:01 PM] ::1 - - "GET /api/auth/signin HTTP/1.1" 429 54 "-" "PostmanRuntime/7.31.3"
[4/16/2023, 12:20:02 PM] ::1 - - "GET /api/auth/signin HTTP/1.1" 429 54 "-" "PostmanRuntime/7.31.3"
[4/16/2023, 4:56:16 PM] ::1 - - "GET /api/auth/signin HTTP/1.1" 404 11 "-" "PostmanRuntime/7.31.3"
[4/16/2023, 4:57:13 PM] ::1 - - "GET /api/auth/ HTTP/1.1" 404 11 "-" "PostmanRuntime/7.31.3"
[4/16/2023, 4:57:22 PM] ::1 - - "GET /api/auth/ HTTP/1.1" 404 11 "-" "PostmanRuntime/7.31.3"
[4/16/2023, 4:57:26 PM] ::1 - - "GET /api HTTP/1.1" 404 11 "-" "PostmanRuntime/7.31.3"
[4/16/2023, 4:57:29 PM] ::1 - - "GET /api/auth/signin HTTP/1.1" 404 11 "-" "PostmanRuntime/7.31.3"
[4/16/2023, 4:57:54 PM] ::1 - - "GET /api/auth/signin HTTP/1.1" 404 11 "-" "PostmanRuntime/7.31.3"
[4/16/2023, 4:58:41 PM] ::1 - - "GET /api/auth/signin HTTP/1.1" 404 11 "-" "PostmanRuntime/7.31.3"
[4/16/2023, 4:59:43 PM] ::1 - - "POST /api/auth/signin HTTP/1.1" 500 1563 "-" "PostmanRuntime/7.31.3"
[4/16/2023, 5:01:04 PM] ::1 - - "POST /api/auth/signin HTTP/1.1" 500 1563 "-" "PostmanRuntime/7.31.3"
[4/16/2023, 5:01:16 PM] ::1 - - "POST /api/auth/signin HTTP/1.1" 500 1563 "-" "PostmanRuntime/7.31.3"
[4/16/2023, 5:01:24 PM] ::1 - - "POST /api/auth/signin HTTP/1.1" 500 1662 "-" "PostmanRuntime/7.31.3"
[4/16/2023, 5:02:20 PM] ::1 - - "POST /api/auth/signin HTTP/1.1" 500 1662 "-" "PostmanRuntime/7.31.3"
[4/16/2023, 5:02:37 PM] ::1 - - "POST /api/auth/signin HTTP/1.1" 500 1662 "-" "PostmanRuntime/7.31.3"
[4/16/2023, 5:02:44 PM] ::1 - - "POST /api/auth/signin HTTP/1.1" 500 1662 "-" "PostmanRuntime/7.31.3"
[4/16/2023, 5:03:00 PM] ::1 - - "POST /api/auth/signin HTTP/1.1" 500 1662 "-" "PostmanRuntime/7.31.3"
[4/16/2023, 5:03:25 PM] ::1 - - "POST /api/auth/signin HTTP/1.1" 500 1662 "-" "PostmanRuntime/7.31.3"
[4/16/2023, 5:03:29 PM] ::1 - - "POST /api/auth/signin HTTP/1.1" 500 1662 "-" "PostmanRuntime/7.31.3"
[4/16/2023, 5:04:36 PM] ::1 - - "POST /api/auth/signin HTTP/1.1" 500 1662 "-" "PostmanRuntime/7.31.3"
[4/16/2023, 5:05:21 PM] ::1 - - "POST /api/auth/signin HTTP/1.1" 500 1662 "-" "PostmanRuntime/7.31.3"
[4/16/2023, 5:05:37 PM] ::1 - - "POST /api/auth/signin HTTP/1.1" 500 1662 "-" "PostmanRuntime/7.31.3"
[4/16/2023, 5:06:07 PM] ::1 - - "POST /api/auth/signin HTTP/1.1" 500 1662 "-" "PostmanRuntime/7.31.3"
[4/16/2023, 5:08:06 PM] ::1 - - "POST /api/auth/signin HTTP/1.1" 200 151 "-" "PostmanRuntime/7.31.3"
[4/16/2023, 5:12:06 PM] ::1 - - "POST /api/auth/signin HTTP/1.1" 200 151 "-" "PostmanRuntime/7.31.3"
[4/16/2023, 5:14:07 PM] ::1 - - "POST /api/auth/signin HTTP/1.1" 200 151 "-" "PostmanRuntime/7.31.3"
[4/16/2023, 5:14:50 PM] ::1 - - "POST /api/auth/signin HTTP/1.1" 200 151 "-" "PostmanRuntime/7.31.3"
[4/16/2023, 5:19:57 PM] ::1 - - "POST /api/private HTTP/1.1" 404 11 "-" "PostmanRuntime/7.31.3"
[4/16/2023, 5:20:30 PM] ::1 - - "GET /api/private HTTP/1.1" - - "-" "PostmanRuntime/7.31.3"
[4/16/2023, 5:41:22 PM] ::1 - - "POST /api/private HTTP/1.1" 404 11 "-" "PostmanRuntime/7.31.3"
[4/16/2023, 5:44:39 PM] ::1 - - "POST /api/private HTTP/1.1" 404 11 "-" "PostmanRuntime/7.31.3"
[4/16/2023, 5:46:22 PM] ::1 - - "POST /api/private HTTP/1.1" 404 11 "-" "PostmanRuntime/7.31.3"
[4/16/2023, 5:46:39 PM] ::1 - - "POST /api/auth/singin HTTP/1.1" 404 11 "-" "PostmanRuntime/7.31.3"
[4/16/2023, 5:46:46 PM] ::1 - - "POST /api/auth/signin HTTP/1.1" 200 151 "-" "PostmanRuntime/7.31.3"
[4/16/2023, 5:47:14 PM] ::1 - - "POST /api/auth/signin HTTP/1.1" 200 151 "-" "PostmanRuntime/7.31.3"
[4/16/2023, 6:01:41 PM] ::1 - - "POST /api/auth/signin HTTP/1.1" 200 151 "-" "PostmanRuntime/7.31.3"
[4/16/2023, 6:03:27 PM] ::1 - - "POST /api/auth/signin HTTP/1.1" 200 151 "-" "PostmanRuntime/7.31.3"
[4/16/2023, 6:07:35 PM] ::1 - - "POST /api/auth/signin HTTP/1.1" 200 151 "-" "PostmanRuntime/7.31.3"
[4/16/2023, 6:08:23 PM] ::1 - - "POST /api/private HTTP/1.1" - - "-" "PostmanRuntime/7.31.3"
[4/16/2023, 6:08:27 PM] ::1 - - "POST /api/private/ HTTP/1.1" - - "-" "PostmanRuntime/7.31.3"
[4/16/2023, 6:09:29 PM] ::1 - - "POST /api/private/ HTTP/1.1" - - "-" "PostmanRuntime/7.31.3"
[4/16/2023, 6:10:07 PM] ::1 - - "POST /api/private/ HTTP/1.1" - - "-" "PostmanRuntime/7.31.3"
[4/16/2023, 6:10:15 PM] ::1 - - "POST /api/private/ HTTP/1.1" - - "-" "PostmanRuntime/7.31.3"
[4/16/2023, 6:10:21 PM] ::1 - - "POST /api/private/ HTTP/1.1" - - "-" "PostmanRuntime/7.31.3"
[4/16/2023, 6:10:38 PM] ::1 - - "POST /api/private/ HTTP/1.1" - - "-" "PostmanRuntime/7.31.3"
[4/16/2023, 6:10:41 PM] ::1 - - "POST /api/private/ HTTP/1.1" - - "-" "PostmanRuntime/7.31.3"
[4/16/2023, 7:45:20 PM] ::1 - - "POST /api/auth/signin HTTP/1.1" 200 151 "-" "PostmanRuntime/7.31.3"
[4/16/2023, 7:45:20 PM] ::1 - - "POST /api/auth/signin HTTP/1.1" 200 151 "-" "PostmanRuntime/7.31.3"
[4/16/2023, 7:45:21 PM] ::1 - - "POST /api/auth/signin HTTP/1.1" 429 54 "-" "PostmanRuntime/7.31.3"
[4/16/2023, 7:45:22 PM] ::1 - - "POST /api/auth/signin HTTP/1.1" 429 54 "-" "PostmanRuntime/7.31.3"
[4/16/2023, 8:10:19 PM] ::1 - - "POST /api/auth/signin HTTP/1.1" 200 151 "-" "PostmanRuntime/7.31.3"
[4/16/2023, 8:12:32 PM] ::1 - - "POST /api/private/ HTTP/1.1" 400 69 "-" "PostmanRuntime/7.31.3"
[4/16/2023, 8:12:44 PM] ::1 - - "POST /api/private/ HTTP/1.1" 400 69 "-" "PostmanRuntime/7.31.3"
[4/16/2023, 8:13:16 PM] ::1 - - "POST /api/private/ HTTP/1.1" 400 69 "-" "PostmanRuntime/7.31.3"
[4/16/2023, 8:13:19 PM] ::1 - - "POST /api/private/ HTTP/1.1" 400 69 "-" "PostmanRuntime/7.31.3"
[4/16/2023, 8:13:31 PM] ::1 - - "POST /api/private/ HTTP/1.1" 400 69 "-" "PostmanRuntime/7.31.3"
[4/16/2023, 8:13:40 PM] ::1 - - "POST /api/private/ HTTP/1.1" 400 69 "-" "PostmanRuntime/7.31.3"
[4/16/2023, 8:14:36 PM] ::1 - - "POST /api/private/ HTTP/1.1" 404 18 "-" "PostmanRuntime/7.31.3"
[4/16/2023, 8:14:54 PM] ::1 - - "POST /api/private/ HTTP/1.1" 404 26 "-" "PostmanRuntime/7.31.3"
[4/16/2023, 8:15:24 PM] ::1 - - "POST /api/auth/signin HTTP/1.1" 200 151 "-" "PostmanRuntime/7.31.3"
[4/16/2023, 8:15:36 PM] ::1 - - "POST /api/private/ HTTP/1.1" 200 2 "-" "PostmanRuntime/7.31.3"
[4/16/2023, 8:15:58 PM] ::1 - - "POST /api/private/ HTTP/1.1" 200 2 "-" "PostmanRuntime/7.31.3"
[4/16/2023, 8:16:07 PM] ::1 - - "POST /api/private/ HTTP/1.1" 500 1575 "-" "PostmanRuntime/7.31.3"
[4/16/2023, 8:16:17 PM] ::1 - - "POST /api/private/ HTTP/1.1" 200 18 "-" "PostmanRuntime/7.31.3"
[4/16/2023, 8:16:30 PM] ::1 - - "POST /api/auth/signin HTTP/1.1" 200 151 "-" "PostmanRuntime/7.31.3"
[4/16/2023, 8:16:39 PM] ::1 - - "POST /api/private/ HTTP/1.1" 200 18 "-" "PostmanRuntime/7.31.3"
[4/16/2023, 8:16:40 PM] ::1 - - "POST /api/private/ HTTP/1.1" 200 18 "-" "PostmanRuntime/7.31.3"
[4/16/2023, 8:16:41 PM] ::1 - - "POST /api/private/ HTTP/1.1" 200 18 "-" "PostmanRuntime/7.31.3"
[4/16/2023, 8:16:41 PM] ::1 - - "POST /api/private/ HTTP/1.1" 200 18 "-" "PostmanRuntime/7.31.3"
[4/16/2023, 8:16:42 PM] ::1 - - "POST /api/private/ HTTP/1.1" 200 18 "-" "PostmanRuntime/7.31.3"
[4/16/2023, 8:16:42 PM] ::1 - - "POST /api/private/ HTTP/1.1" 200 18 "-" "PostmanRuntime/7.31.3"
[4/16/2023, 8:16:43 PM] ::1 - - "POST /api/private/ HTTP/1.1" 200 18 "-" "PostmanRuntime/7.31.3"
[4/16/2023, 8:16:43 PM] ::1 - - "POST /api/private/ HTTP/1.1" 200 18 "-" "PostmanRuntime/7.31.3"
[4/16/2023, 8:16:44 PM] ::1 - - "POST /api/private/ HTTP/1.1" 200 18 "-" "PostmanRuntime/7.31.3"
[4/16/2023, 8:16:44 PM] ::1 - - "POST /api/private/ HTTP/1.1" 200 18 "-" "PostmanRuntime/7.31.3"
[4/16/2023, 8:16:45 PM] ::1 - - "POST /api/private/ HTTP/1.1" 200 18 "-" "PostmanRuntime/7.31.3"
[4/16/2023, 8:16:45 PM] ::1 - - "POST /api/private/ HTTP/1.1" 200 18 "-" "PostmanRuntime/7.31.3"
[4/16/2023, 8:16:45 PM] ::1 - - "POST /api/private/ HTTP/1.1" 200 18 "-" "PostmanRuntime/7.31.3"
[4/16/2023, 8:16:46 PM] ::1 - - "POST /api/private/ HTTP/1.1" 200 18 "-" "PostmanRuntime/7.31.3"
[4/16/2023, 8:16:47 PM] ::1 - - "POST /api/private/ HTTP/1.1" 200 18 "-" "PostmanRuntime/7.31.3"
[4/16/2023, 8:16:47 PM] ::1 - - "POST /api/private/ HTTP/1.1" 200 18 "-" "PostmanRuntime/7.31.3"
[4/16/2023, 8:16:48 PM] ::1 - - "POST /api/private/ HTTP/1.1" 200 18 "-" "PostmanRuntime/7.31.3"
[4/16/2023, 8:16:48 PM] ::1 - - "POST /api/private/ HTTP/1.1" 200 18 "-" "PostmanRuntime/7.31.3"
[4/16/2023, 8:16:52 PM] ::1 - - "POST /api/private/ HTTP/1.1" 200 18 "-" "PostmanRuntime/7.31.3"
[4/16/2023, 8:16:53 PM] ::1 - - "POST /api/private/ HTTP/1.1" 200 18 "-" "PostmanRuntime/7.31.3"
[4/16/2023, 8:16:54 PM] ::1 - - "POST /api/private/ HTTP/1.1" 200 18 "-" "PostmanRuntime/7.31.3"
[4/16/2023, 8:16:55 PM] ::1 - - "POST /api/private/ HTTP/1.1" 200 18 "-" "PostmanRuntime/7.31.3"
[4/16/2023, 8:16:55 PM] ::1 - - "POST /api/private/ HTTP/1.1" 200 18 "-" "PostmanRuntime/7.31.3"
[4/16/2023, 8:16:56 PM] ::1 - - "POST /api/private/ HTTP/1.1" 200 18 "-" "PostmanRuntime/7.31.3"
[4/16/2023, 8:17:00 PM] ::1 - - "POST /api/private/ HTTP/1.1" 200 18 "-" "PostmanRuntime/7.31.3"
[4/16/2023, 8:17:00 PM] ::1 - - "POST /api/private/ HTTP/1.1" 200 18 "-" "PostmanRuntime/7.31.3"
[4/16/2023, 8:18:41 PM] ::1 - - "POST /api/private/ HTTP/1.1" 200 18 "-" "PostmanRuntime/7.31.3"
[4/16/2023, 8:18:42 PM] ::1 - - "POST /api/private/ HTTP/1.1" 200 18 "-" "PostmanRuntime/7.31.3"
[4/16/2023, 8:18:43 PM] ::1 - - "POST /api/private/ HTTP/1.1" 200 18 "-" "PostmanRuntime/7.31.3"
[4/16/2023, 8:18:51 PM] ::1 - - "POST /api/auth/signin HTTP/1.1" 200 151 "-" "PostmanRuntime/7.31.3"
[4/16/2023, 8:18:59 PM] ::1 - - "POST /api/private/ HTTP/1.1" 200 18 "-" "PostmanRuntime/7.31.3"
[4/16/2023, 8:19:00 PM] ::1 - - "POST /api/private/ HTTP/1.1" 200 18 "-" "PostmanRuntime/7.31.3"
[4/16/2023, 8:19:00 PM] ::1 - - "POST /api/private/ HTTP/1.1" 200 18 "-" "PostmanRuntime/7.31.3"
[4/16/2023, 8:19:01 PM] ::1 - - "POST /api/private/ HTTP/1.1" 400 99 "-" "PostmanRuntime/7.31.3"
[4/16/2023, 8:19:01 PM] ::1 - - "POST /api/private/ HTTP/1.1" 400 99 "-" "PostmanRuntime/7.31.3"
[4/16/2023, 8:19:02 PM] ::1 - - "POST /api/private/ HTTP/1.1" 400 99 "-" "PostmanRuntime/7.31.3"
[4/16/2023, 8:19:03 PM] ::1 - - "POST /api/private/ HTTP/1.1" 400 99 "-" "PostmanRuntime/7.31.3"
[4/16/2023, 8:19:03 PM] ::1 - - "POST /api/private/ HTTP/1.1" 400 99 "-" "PostmanRuntime/7.31.3"
[4/16/2023, 8:19:04 PM] ::1 - - "POST /api/private/ HTTP/1.1" 400 99 "-" "PostmanRuntime/7.31.3"
[4/16/2023, 8:19:25 PM] ::1 - - "POST /api/private/ HTTP/1.1" 400 99 "-" "PostmanRuntime/7.31.3"
[4/16/2023, 8:21:15 PM] ::1 - - "POST /api/private/ HTTP/1.1" 400 99 "-" "PostmanRuntime/7.31.3"
[4/16/2023, 8:39:33 PM] ::1 - - "POST /api/auth/signin HTTP/1.1" 200 148 "-" "PostmanRuntime/7.31.3"
[4/16/2023, 8:40:06 PM] ::1 - - "POST /api/private/ HTTP/1.1" 403 62 "-" "PostmanRuntime/7.31.3"
[4/16/2023, 8:40:33 PM] ::1 - - "POST /api/private/ HTTP/1.1" 403 62 "-" "PostmanRuntime/7.31.3"
[4/16/2023, 8:40:54 PM] ::1 - - "POST /api/private/ HTTP/1.1" 200 5 "-" "PostmanRuntime/7.31.3"
[4/16/2023, 8:41:06 PM] ::1 - - "POST /api/private/ HTTP/1.1" 401 26 "-" "PostmanRuntime/7.31.3"
[4/16/2023, 8:41:09 PM] ::1 - - "POST /api/private/ HTTP/1.1" 401 26 "-" "PostmanRuntime/7.31.3"
[4/16/2023, 8:41:18 PM] ::1 - - "POST /api/private/ HTTP/1.1" 200 5 "-" "PostmanRuntime/7.31.3"
[4/16/2023, 8:41:24 PM] ::1 - - "POST /api/private/ HTTP/1.1" 200 5 "-" "PostmanRuntime/7.31.3"
[4/16/2023, 8:41:37 PM] ::1 - - "POST /api/auth/signin HTTP/1.1" 200 148 "-" "PostmanRuntime/7.31.3"
[4/16/2023, 8:41:50 PM] ::1 - - "POST /api/private/ HTTP/1.1" 401 26 "-" "PostmanRuntime/7.31.3"
[4/16/2023, 8:42:10 PM] ::1 - - "POST /api/private/ HTTP/1.1" 401 26 "-" "PostmanRuntime/7.31.3"
[4/16/2023, 8:44:49 PM] ::1 - - "POST /api/auth/signin HTTP/1.1" 200 332 "-" "PostmanRuntime/7.31.3"
[5/26/2023, 3:49:30 PM] ::1 - - "GET /api/test/ HTTP/1.1" 500 22 "-" "PostmanRuntime/7.32.2"
[5/26/2023, 4:10:50 PM] ::1 - - "GET /api/test/ HTTP/1.1" 500 22 "-" "PostmanRuntime/7.32.2"
[5/26/2023, 5:24:00 PM] ::1 - - "GET /api/test/ HTTP/1.1" 500 2 "-" "PostmanRuntime/7.32.2"
[5/26/2023, 5:25:10 PM] ::1 - - "GET /api/test/ HTTP/1.1" 500 2 "-" "PostmanRuntime/7.32.2"
[5/26/2023, 5:25:56 PM] ::1 - - "GET /api/test/ HTTP/1.1" 500 22 "-" "PostmanRuntime/7.32.2"
[5/26/2023, 5:26:19 PM] ::1 - - "GET /api/test/ HTTP/1.1" 500 47 "-" "PostmanRuntime/7.32.2"
[5/26/2023, 5:26:41 PM] ::1 - - "GET /api/test/ HTTP/1.1" 500 47 "-" "PostmanRuntime/7.32.2"
[5/26/2023, 5:29:01 PM] ::1 - - "GET /api/test/ HTTP/1.1" 500 47 "-" "PostmanRuntime/7.32.2"
[5/26/2023, 5:29:47 PM] ::1 - - "GET /api/test/ HTTP/1.1" 500 47 "-" "PostmanRuntime/7.32.2"
[5/26/2023, 5:29:58 PM] ::1 - - "GET /api/test/ HTTP/1.1" 500 47 "-" "PostmanRuntime/7.32.2"
[5/26/2023, 5:31:55 PM] ::1 - - "GET /api/test/ HTTP/1.1" 500 56 "-" "PostmanRuntime/7.32.2"
[5/26/2023, 5:32:03 PM] ::1 - - "GET /api/test/ HTTP/1.1" 500 56 "-" "PostmanRuntime/7.32.2"
[5/26/2023, 5:32:13 PM] ::1 - - "GET /api/test/ HTTP/1.1" 500 24 "-" "PostmanRuntime/7.32.2"
[5/26/2023, 5:33:22 PM] ::1 - - "GET /api/test/ HTTP/1.1" 500 24 "-" "PostmanRuntime/7.32.2"
[5/26/2023, 5:33:36 PM] ::1 - - "GET /api/test/ HTTP/1.1" 500 24 "-" "PostmanRuntime/7.32.2"
[5/26/2023, 5:33:53 PM] ::1 - - "GET /api/test/ HTTP/1.1" 500 24 "-" "PostmanRuntime/7.32.2"
[5/26/2023, 5:34:09 PM] ::1 - - "GET /api/test/ HTTP/1.1" 404 11 "-" "PostmanRuntime/7.32.2"
[5/26/2023, 5:34:13 PM] ::1 - - "GET /api/test/ HTTP/1.1" 404 11 "-" "PostmanRuntime/7.32.2"
[5/26/2023, 5:34:36 PM] ::1 - - "GET /api/test/ HTTP/1.1" 404 11 "-" "PostmanRuntime/7.32.2"
[5/26/2023, 5:34:58 PM] ::1 - - "GET /api/test/ HTTP/1.1" 500 22 "-" "PostmanRuntime/7.32.2"
[5/26/2023, 5:35:57 PM] ::1 - - "GET /api/test/ HTTP/1.1" 500 22 "-" "PostmanRuntime/7.32.2"
[5/26/2023, 5:38:24 PM] ::1 - - "GET /api/test/ HTTP/1.1" 500 22 "-" "PostmanRuntime/7.32.2"
[5/26/2023, 5:38:45 PM] ::1 - - "GET /api/test/ HTTP/1.1" 500 60 "-" "PostmanRuntime/7.32.2"
[5/26/2023, 8:24:36 PM] ::1 - - "GET /api/test/ HTTP/1.1" 500 1285 "-" "PostmanRuntime/7.32.2"
